[07:54:26] [ServerMain/INFO]: Environment: Environment[sessionHost=https://sessionserver.mojang.com, servicesHost=https://api.minecraftservices.com, profilesHost=https://api.mojang.com, name=PROD]
[07:54:28] [ServerMain/INFO]: Loaded 1470 recipes
[07:54:28] [ServerMain/INFO]: Loaded 1584 advancements
[07:54:29] [Server thread/INFO]: Starting minecraft server version 1.21.11
[07:54:29] [Server thread/INFO]: Loading properties
[07:54:29] [Server thread/INFO]: Default game type: SURVIVAL
[07:54:29] [Server thread/INFO]: Generating keypair
[07:54:29] [Server thread/INFO]: Starting Minecraft server on *:25565
[07:54:29] [Server thread/WARN]: **** SERVER IS RUNNING IN OFFLINE/INSECURE MODE!
[07:54:29] [Server thread/WARN]: The server will make no attempt to authenticate usernames. Beware.
[07:54:29] [Server thread/WARN]: While this makes the game possible to play without internet access, it also opens up the ability for hackers to connect with any username they choose.
[07:54:29] [Server thread/WARN]: To change this, set "online-mode" to "true" in the server.properties file.
[07:54:29] [Server thread/INFO]: Preparing level "world"
[07:54:29] [Server thread/INFO]: Loading 0 persistent chunks...
[07:54:29] [Server thread/INFO]: Preparing spawn area: 100%
[07:54:29] [Server thread/INFO]: Time elapsed: 12 ms
[07:54:29] [Server thread/INFO]: Done (0.376s)! For help, type "help"
[07:54:49] [Server thread/INFO]: TDOBLET[/127.112.67.245:41171] logged in with entity id 70 at (377.24508108011935, 68.0, 246.13193921317946)
[07:54:49] [Server thread/INFO]: TDOBLET joined the game
[08:03:39] [Server thread/INFO]: TDOBLET lost connection: Disconnected
[08:03:39] [Server thread/INFO]: TDOBLET left the game
